<?xml version="1.0" encoding="UTF-8"?>
<!-- Generated by org.testng.reporters.JUnitReportReporter -->
<testsuite hostname="LAPTOP-KRD7414A" failures="0" tests="1" name="pages.HomePageTest" time="32.281" errors="0" timestamp="2024-05-29T22:50:13 EDT" skipped="0">
  <testcase classname="pages.HomePageTest" name="clickSignInButtonTest" time="32.281"/>
  <system-out/>
</testsuite> <!-- pages.HomePageTest -->
